#! /opt/homebrew/Cellar/icarus-verilog/12.0/bin/vvp
:ivl_version "12.0 (stable)";
:ivl_delay_selection "TYPICAL";
:vpi_time_precision + 0;
:vpi_module "/opt/homebrew/Cellar/icarus-verilog/12.0/lib/ivl/system.vpi";
:vpi_module "/opt/homebrew/Cellar/icarus-verilog/12.0/lib/ivl/vhdl_sys.vpi";
:vpi_module "/opt/homebrew/Cellar/icarus-verilog/12.0/lib/ivl/vhdl_textio.vpi";
:vpi_module "/opt/homebrew/Cellar/icarus-verilog/12.0/lib/ivl/v2005_math.vpi";
:vpi_module "/opt/homebrew/Cellar/icarus-verilog/12.0/lib/ivl/va_math.vpi";
S_0x125e0d870 .scope module, "unlocker_tb" "unlocker_tb" 2 1;
 .timescale 0 0;
v0x125e2c9e0_0 .var "clk", 0 0;
v0x125e2ca70_0 .var "inputCount", 3 0;
v0x125e2cb00_0 .net "lock", 0 0, v0x125e2bdc0_0;  1 drivers
v0x125e2cb90_0 .var "locker", 0 0;
v0x125e2cc20_0 .var "passwordInput0", 4 0;
v0x125e2ccf0_0 .var "passwordInput1", 4 0;
v0x125e2cd80_0 .var "passwordInput2", 4 0;
v0x125e2ce30_0 .var "passwordInput3", 4 0;
v0x125e2cee0_0 .var "userNameInput0", 4 0;
v0x125e2d010_0 .var "userNameInput1", 4 0;
v0x125e2d0a0_0 .var "userNameInput2", 4 0;
v0x125e2d130_0 .var "userNameInput3", 4 0;
S_0x125e06c90 .scope module, "my_unlock" "unlocker" 2 20, 3 1 0, S_0x125e0d870;
 .timescale 0 0;
    .port_info 0 /INPUT 1 "clk";
    .port_info 1 /INPUT 1 "locker";
    .port_info 2 /INPUT 4 "inputCount";
    .port_info 3 /INPUT 5 "userNameInput0";
    .port_info 4 /INPUT 5 "userNameInput1";
    .port_info 5 /INPUT 5 "userNameInput2";
    .port_info 6 /INPUT 5 "userNameInput3";
    .port_info 7 /INPUT 5 "passwordInput0";
    .port_info 8 /INPUT 5 "passwordInput1";
    .port_info 9 /INPUT 5 "passwordInput2";
    .port_info 10 /INPUT 5 "passwordInput3";
    .port_info 11 /OUTPUT 1 "lock";
v0x125e0d9e0_0 .net "clk", 0 0, v0x125e2c9e0_0;  1 drivers
v0x125e2bc70_0 .var/i "i", 31 0;
v0x125e2bd10_0 .net "inputCount", 3 0, v0x125e2ca70_0;  1 drivers
v0x125e2bdc0_0 .var "lock", 0 0;
v0x125e2be60_0 .net "locker", 0 0, v0x125e2cb90_0;  1 drivers
v0x125e2bf40_0 .net "passwordInput0", 4 0, v0x125e2cc20_0;  1 drivers
v0x125e2bff0_0 .net "passwordInput1", 4 0, v0x125e2ccf0_0;  1 drivers
v0x125e2c0a0_0 .net "passwordInput2", 4 0, v0x125e2cd80_0;  1 drivers
v0x125e2c150_0 .net "passwordInput3", 4 0, v0x125e2ce30_0;  1 drivers
v0x125e2c260_0 .var "tempPassword", 19 0;
v0x125e2c310_0 .var "tempUser", 19 0;
v0x125e2c3c0_0 .var "userList", 159 0;
v0x125e2c480_0 .net "userNameInput0", 4 0, v0x125e2cee0_0;  1 drivers
v0x125e2c530_0 .net "userNameInput1", 4 0, v0x125e2d010_0;  1 drivers
v0x125e2c5e0_0 .net "userNameInput2", 4 0, v0x125e2d0a0_0;  1 drivers
v0x125e2c690_0 .net "userNameInput3", 4 0, v0x125e2d130_0;  1 drivers
v0x125e2c740_0 .var "userPassword", 159 0;
E_0x125e0e2b0 .event posedge, v0x125e0d9e0_0;
    .scope S_0x125e06c90;
T_0 ;
    %pushi/vec4 0, 0, 20;
    %ix/load 4, 0, 0;
    %flag_set/imm 4, 0;
    %store/vec4 v0x125e2c3c0_0, 4, 20;
    %pushi/vec4 0, 0, 20;
    %ix/load 4, 0, 0;
    %flag_set/imm 4, 0;
    %store/vec4 v0x125e2c740_0, 4, 20;
    %pushi/vec4 1, 0, 1;
    %store/vec4 v0x125e2bdc0_0, 0, 1;
    %end;
    .thread T_0;
    .scope S_0x125e06c90;
T_1 ;
    %wait E_0x125e0e2b0;
    %load/vec4 v0x125e2bd10_0;
    %pad/u 32;
    %cmpi/e 8, 0, 32;
    %jmp/0xz  T_1.0, 4;
    %pushi/vec4 0, 0, 32;
    %store/vec4 v0x125e2bc70_0, 0, 32;
T_1.2 ;
    %load/vec4 v0x125e2bc70_0;
    %cmpi/s 8, 0, 32;
    %jmp/0xz T_1.3, 5;
    %load/vec4 v0x125e2c3c0_0;
    %parti/s 20, 0, 2;
    %store/vec4 v0x125e2c310_0, 0, 20;
    %load/vec4 v0x125e2c740_0;
    %parti/s 20, 0, 2;
    %store/vec4 v0x125e2c260_0, 0, 20;
    %load/vec4 v0x125e2c310_0;
    %parti/s 5, 0, 2;
    %load/vec4 v0x125e2c480_0;
    %cmp/e;
    %flag_get/vec4 4;
    %jmp/0 T_1.8, 4;
    %load/vec4 v0x125e2c310_0;
    %parti/s 5, 5, 4;
    %load/vec4 v0x125e2c530_0;
    %cmp/e;
    %flag_get/vec4 4;
    %and;
T_1.8;
    %flag_set/vec4 10;
    %flag_get/vec4 10;
    %jmp/0 T_1.7, 10;
    %load/vec4 v0x125e2c310_0;
    %parti/s 5, 10, 5;
    %load/vec4 v0x125e2c5e0_0;
    %cmp/e;
    %flag_get/vec4 4;
    %and;
T_1.7;
    %flag_set/vec4 9;
    %flag_get/vec4 9;
    %jmp/0 T_1.6, 9;
    %load/vec4 v0x125e2c310_0;
    %parti/s 5, 15, 5;
    %load/vec4 v0x125e2c690_0;
    %cmp/e;
    %flag_get/vec4 4;
    %and;
T_1.6;
    %flag_set/vec4 8;
    %jmp/0xz  T_1.4, 8;
    %load/vec4 v0x125e2c260_0;
    %parti/s 5, 0, 2;
    %load/vec4 v0x125e2bf40_0;
    %cmp/e;
    %flag_get/vec4 4;
    %jmp/0 T_1.13, 4;
    %load/vec4 v0x125e2c260_0;
    %parti/s 5, 5, 4;
    %load/vec4 v0x125e2bff0_0;
    %cmp/e;
    %flag_get/vec4 4;
    %and;
T_1.13;
    %flag_set/vec4 10;
    %flag_get/vec4 10;
    %jmp/0 T_1.12, 10;
    %load/vec4 v0x125e2c260_0;
    %parti/s 5, 10, 5;
    %load/vec4 v0x125e2c0a0_0;
    %cmp/e;
    %flag_get/vec4 4;
    %and;
T_1.12;
    %flag_set/vec4 9;
    %flag_get/vec4 9;
    %jmp/0 T_1.11, 9;
    %load/vec4 v0x125e2c260_0;
    %parti/s 5, 15, 5;
    %load/vec4 v0x125e2c150_0;
    %cmp/e;
    %flag_get/vec4 4;
    %and;
T_1.11;
    %flag_set/vec4 8;
    %jmp/0xz  T_1.9, 8;
    %pushi/vec4 0, 0, 1;
    %store/vec4 v0x125e2bdc0_0, 0, 1;
T_1.9 ;
T_1.4 ;
    %load/vec4 v0x125e2bc70_0;
    %addi 1, 0, 32;
    %store/vec4 v0x125e2bc70_0, 0, 32;
    %jmp T_1.2;
T_1.3 ;
T_1.0 ;
    %jmp T_1;
    .thread T_1;
    .scope S_0x125e0d870;
T_2 ;
    %vpi_call 2 36 "$dumpfile", "wave.vcd" {0 0 0};
    %vpi_call 2 37 "$dumpvars", 32'sb00000000000000000000000000000000, S_0x125e0d870 {0 0 0};
    %pushi/vec4 0, 0, 1;
    %store/vec4 v0x125e2c9e0_0, 0, 1;
    %delay 10, 0;
    %pushi/vec4 0, 0, 5;
    %store/vec4 v0x125e2cee0_0, 0, 5;
    %pushi/vec4 1, 0, 4;
    %store/vec4 v0x125e2ca70_0, 0, 4;
    %delay 1, 0;
    %pushi/vec4 0, 0, 5;
    %store/vec4 v0x125e2d010_0, 0, 5;
    %pushi/vec4 2, 0, 4;
    %store/vec4 v0x125e2ca70_0, 0, 4;
    %delay 1, 0;
    %pushi/vec4 1, 0, 5;
    %store/vec4 v0x125e2d0a0_0, 0, 5;
    %pushi/vec4 3, 0, 4;
    %store/vec4 v0x125e2ca70_0, 0, 4;
    %delay 1, 0;
    %pushi/vec4 1, 0, 5;
    %store/vec4 v0x125e2d130_0, 0, 5;
    %pushi/vec4 4, 0, 4;
    %store/vec4 v0x125e2ca70_0, 0, 4;
    %delay 1, 0;
    %pushi/vec4 0, 0, 5;
    %store/vec4 v0x125e2cc20_0, 0, 5;
    %pushi/vec4 5, 0, 4;
    %store/vec4 v0x125e2ca70_0, 0, 4;
    %delay 1, 0;
    %pushi/vec4 1, 0, 5;
    %store/vec4 v0x125e2ccf0_0, 0, 5;
    %pushi/vec4 6, 0, 4;
    %store/vec4 v0x125e2ca70_0, 0, 4;
    %delay 1, 0;
    %pushi/vec4 1, 0, 5;
    %store/vec4 v0x125e2cd80_0, 0, 5;
    %pushi/vec4 7, 0, 4;
    %store/vec4 v0x125e2ca70_0, 0, 4;
    %delay 1, 0;
    %pushi/vec4 0, 0, 5;
    %store/vec4 v0x125e2ce30_0, 0, 5;
    %pushi/vec4 8, 0, 4;
    %store/vec4 v0x125e2ca70_0, 0, 4;
    %delay 20, 0;
    %pushi/vec4 0, 0, 5;
    %store/vec4 v0x125e2cee0_0, 0, 5;
    %pushi/vec4 1, 0, 4;
    %store/vec4 v0x125e2ca70_0, 0, 4;
    %delay 1, 0;
    %pushi/vec4 0, 0, 5;
    %store/vec4 v0x125e2d010_0, 0, 5;
    %pushi/vec4 2, 0, 4;
    %store/vec4 v0x125e2ca70_0, 0, 4;
    %delay 1, 0;
    %pushi/vec4 0, 0, 5;
    %store/vec4 v0x125e2d0a0_0, 0, 5;
    %pushi/vec4 3, 0, 4;
    %store/vec4 v0x125e2ca70_0, 0, 4;
    %delay 1, 0;
    %pushi/vec4 0, 0, 5;
    %store/vec4 v0x125e2d130_0, 0, 5;
    %pushi/vec4 4, 0, 4;
    %store/vec4 v0x125e2ca70_0, 0, 4;
    %delay 1, 0;
    %pushi/vec4 0, 0, 5;
    %store/vec4 v0x125e2cc20_0, 0, 5;
    %pushi/vec4 5, 0, 4;
    %store/vec4 v0x125e2ca70_0, 0, 4;
    %delay 1, 0;
    %pushi/vec4 0, 0, 5;
    %store/vec4 v0x125e2ccf0_0, 0, 5;
    %pushi/vec4 6, 0, 4;
    %store/vec4 v0x125e2ca70_0, 0, 4;
    %delay 1, 0;
    %pushi/vec4 0, 0, 5;
    %store/vec4 v0x125e2cd80_0, 0, 5;
    %pushi/vec4 7, 0, 4;
    %store/vec4 v0x125e2ca70_0, 0, 4;
    %delay 1, 0;
    %pushi/vec4 0, 0, 5;
    %store/vec4 v0x125e2ce30_0, 0, 5;
    %pushi/vec4 8, 0, 4;
    %store/vec4 v0x125e2ca70_0, 0, 4;
    %delay 20, 0;
    %delay 20, 0;
    %vpi_call 2 96 "$finish" {0 0 0};
    %end;
    .thread T_2;
    .scope S_0x125e0d870;
T_3 ;
    %delay 1, 0;
    %load/vec4 v0x125e2c9e0_0;
    %inv;
    %store/vec4 v0x125e2c9e0_0, 0, 1;
    %jmp T_3;
    .thread T_3;
# The file index is used to find the file name in the following table.
:file_names 4;
    "N/A";
    "<interactive>";
    "unlocker_tb.v";
    "unlocker.v";
