#! /opt/homebrew/Cellar/icarus-verilog/12.0/bin/vvp
:ivl_version "12.0 (stable)";
:ivl_delay_selection "TYPICAL";
:vpi_time_precision - 9;
:vpi_module "/opt/homebrew/Cellar/icarus-verilog/12.0/lib/ivl/system.vpi";
:vpi_module "/opt/homebrew/Cellar/icarus-verilog/12.0/lib/ivl/vhdl_sys.vpi";
:vpi_module "/opt/homebrew/Cellar/icarus-verilog/12.0/lib/ivl/vhdl_textio.vpi";
:vpi_module "/opt/homebrew/Cellar/icarus-verilog/12.0/lib/ivl/v2005_math.vpi";
:vpi_module "/opt/homebrew/Cellar/icarus-verilog/12.0/lib/ivl/va_math.vpi";
S_0x138f20f50 .scope module, "mainDriver" "mainDriver" 2 1;
 .timescale -8 -9;
    .port_info 0 /INPUT 1 "clk";
    .port_info 1 /INPUT 1 "btn1";
    .port_info 2 /INPUT 1 "btn2";
    .port_info 3 /INPUT 1 "btn3";
    .port_info 4 /INPUT 1 "btn4";
    .port_info 5 /INPUT 1 "btn5";
    .port_info 6 /INPUT 1 "switch1";
    .port_info 7 /OUTPUT 4 "seg";
    .port_info 8 /OUTPUT 4 "an";
    .port_info 9 /OUTPUT 1 "seg2";
    .port_info 10 /OUTPUT 1 "an2";
v0x138f70250_0 .net "an", 3 0, v0x138f6c990_0;  1 drivers
o0x130040430 .functor BUFZ 1, C4<z>; HiZ drive
v0x138f6e820_0 .net "an2", 0 0, o0x130040430;  0 drivers
o0x130040a60 .functor BUFZ 1, C4<z>; HiZ drive
v0x138f702e0_0 .net "btn1", 0 0, o0x130040a60;  0 drivers
o0x130040a90 .functor BUFZ 1, C4<z>; HiZ drive
v0x138f70390_0 .net "btn2", 0 0, o0x130040a90;  0 drivers
o0x130040ac0 .functor BUFZ 1, C4<z>; HiZ drive
v0x138f70420_0 .net "btn3", 0 0, o0x130040ac0;  0 drivers
o0x130040af0 .functor BUFZ 1, C4<z>; HiZ drive
v0x138f704f0_0 .net "btn4", 0 0, o0x130040af0;  0 drivers
o0x130040b20 .functor BUFZ 1, C4<z>; HiZ drive
v0x138f705a0_0 .net "btn5", 0 0, o0x130040b20;  0 drivers
o0x130040820 .functor BUFZ 1, C4<z>; HiZ drive
v0x138f70630_0 .net "clk", 0 0, o0x130040820;  0 drivers
v0x138f706e0_0 .net "clk1Hz", 0 0, v0x138f6dff0_0;  1 drivers
v0x138f70870_0 .net "clk1KHz", 0 0, v0x138f6e0c0_0;  1 drivers
v0x138f70900_0 .net "clk2Hz", 0 0, v0x138f6e190_0;  1 drivers
v0x138f70990_0 .net "clk5Hz", 0 0, v0x138f6e220_0;  1 drivers
v0x138f70a20_0 .net "flag", 0 0, v0x138f6ef40_0;  1 drivers
v0x138f70ab0_0 .net "flagResolve", 0 0, v0x138f6d3e0_0;  1 drivers
v0x138f70b80_0 .net "flagSelect", 0 0, v0x138f6f100_0;  1 drivers
o0x130040bb0 .functor BUFZ 4, C4<zzzz>; HiZ drive
v0x138f70c50_0 .net "inputCount", 3 0, o0x130040bb0;  0 drivers
v0x138f70ce0_0 .net "lock", 0 0, v0x138f6f2b0_0;  1 drivers
v0x138f70eb0_0 .net "locker", 0 0, v0x138f6d610_0;  1 drivers
o0x130040c10 .functor BUFZ 4, C4<zzzz>; HiZ drive
v0x138f70f40_0 .net "passwordInput0", 3 0, o0x130040c10;  0 drivers
o0x130040c40 .functor BUFZ 4, C4<zzzz>; HiZ drive
v0x138f70fd0_0 .net "passwordInput1", 3 0, o0x130040c40;  0 drivers
o0x130040c70 .functor BUFZ 4, C4<zzzz>; HiZ drive
v0x138f71060_0 .net "passwordInput2", 3 0, o0x130040c70;  0 drivers
o0x130040ca0 .functor BUFZ 4, C4<zzzz>; HiZ drive
v0x138f710f0_0 .net "passwordInput3", 3 0, o0x130040ca0;  0 drivers
v0x138f71180_0 .net "resetCount", 0 0, v0x138f6f850_0;  1 drivers
v0x138f71210_0 .net "seg", 3 0, v0x138f6ce80_0;  1 drivers
o0x130040580 .functor BUFZ 1, C4<z>; HiZ drive
v0x138f712a0_0 .net "seg2", 0 0, o0x130040580;  0 drivers
o0x130040d00 .functor BUFZ 1, C4<z>; HiZ drive
v0x138f71330_0 .net "switch1", 0 0, o0x130040d00;  0 drivers
o0x130040dc0 .functor BUFZ 4, C4<zzzz>; HiZ drive
v0x138f713e0_0 .net "userNameInput0", 3 0, o0x130040dc0;  0 drivers
o0x130040df0 .functor BUFZ 4, C4<zzzz>; HiZ drive
v0x138f71490_0 .net "userNameInput1", 3 0, o0x130040df0;  0 drivers
o0x130040e20 .functor BUFZ 4, C4<zzzz>; HiZ drive
v0x138f71540_0 .net "userNameInput2", 3 0, o0x130040e20;  0 drivers
o0x130040e50 .functor BUFZ 4, C4<zzzz>; HiZ drive
v0x138f715f0_0 .net "userNameInput3", 3 0, o0x130040e50;  0 drivers
S_0x138f210c0 .scope module, "myDisplayHandle" "displayHandle" 2 75, 3 1 0, S_0x138f20f50;
 .timescale -8 -9;
    .port_info 0 /INPUT 1 "clk";
    .port_info 1 /INPUT 1 "clk1KHz";
    .port_info 2 /INPUT 1 "flag";
    .port_info 3 /INPUT 1 "flagSelect";
    .port_info 4 /INPUT 1 "lock";
    .port_info 5 /OUTPUT 1 "flagResolve";
    .port_info 6 /OUTPUT 1 "locker";
    .port_info 7 /OUTPUT 4 "seg";
    .port_info 8 /OUTPUT 4 "an";
    .port_info 9 /OUTPUT 1 "seg2";
    .port_info 10 /OUTPUT 1 "an2";
v0x138f6cfe0_0 .net "an", 3 0, v0x138f6c990_0;  alias, 1 drivers
v0x138f6d0b0_0 .net "an2", 0 0, o0x130040430;  alias, 0 drivers
v0x138f6d140_0 .net "clk", 0 0, v0x138f6dff0_0;  alias, 1 drivers
v0x138f6d1d0_0 .net "clk1KHz", 0 0, v0x138f6e0c0_0;  alias, 1 drivers
v0x138f6d280_0 .var "countDownActive", 0 0;
v0x138f6d350_0 .net "flag", 0 0, v0x138f6ef40_0;  alias, 1 drivers
v0x138f6d3e0_0 .var "flagResolve", 0 0;
v0x138f6d470_0 .net "flagSelect", 0 0, v0x138f6f100_0;  alias, 1 drivers
v0x138f6d500_0 .net "lock", 0 0, v0x138f6f2b0_0;  alias, 1 drivers
v0x138f6d610_0 .var "locker", 0 0;
v0x138f6d6b0_0 .var "prevLockState", 0 0;
v0x138f6d750_0 .net "s1", 3 0, v0x138f6c4b0_0;  1 drivers
v0x138f6d7f0_0 .net "s10", 3 0, v0x138f6c560_0;  1 drivers
v0x138f6d8d0_0 .net "seg", 3 0, v0x138f6ce80_0;  alias, 1 drivers
v0x138f6d960_0 .net "seg2", 0 0, o0x130040580;  alias, 0 drivers
v0x138f6d9f0_0 .var "smallDisplay1", 0 0;
v0x138f6da80_0 .var "smallDisplay10", 0 0;
S_0x138f19030 .scope module, "my_CountDown" "countDown" 3 47, 4 1 0, S_0x138f210c0;
 .timescale -8 -9;
    .port_info 0 /INPUT 1 "clk";
    .port_info 1 /INPUT 1 "countDownActive";
    .port_info 2 /OUTPUT 4 "s10";
    .port_info 3 /OUTPUT 4 "s1";
v0x138f542f0_0 .var "activeSet", 1 0;
v0x138f6c360_0 .net "clk", 0 0, v0x138f6dff0_0;  alias, 1 drivers
v0x138f6c400_0 .net "countDownActive", 0 0, v0x138f6d280_0;  1 drivers
v0x138f6c4b0_0 .var "s1", 3 0;
v0x138f6c560_0 .var "s10", 3 0;
E_0x138f0f600 .event posedge, v0x138f6c360_0;
S_0x138f6c690 .scope module, "my_Display" "display" 3 27, 5 3 0, S_0x138f210c0;
 .timescale -8 -9;
    .port_info 0 /INPUT 1 "clk1KHz";
    .port_info 1 /INPUT 4 "digit1";
    .port_info 2 /INPUT 4 "digit2";
    .port_info 3 /INPUT 4 "digit3";
    .port_info 4 /INPUT 4 "digit4";
    .port_info 5 /OUTPUT 4 "seg";
    .port_info 6 /OUTPUT 4 "an";
v0x138f6c990_0 .var "an", 3 0;
v0x138f6ca40_0 .net "clk1KHz", 0 0, v0x138f6e0c0_0;  alias, 1 drivers
L_0x130078010 .functor BUFT 1, C4<0000>, C4<0>, C4<0>, C4<0>;
v0x138f6cae0_0 .net "digit1", 3 0, L_0x130078010;  1 drivers
L_0x130078058 .functor BUFT 1, C4<0000>, C4<0>, C4<0>, C4<0>;
v0x138f6cba0_0 .net "digit2", 3 0, L_0x130078058;  1 drivers
v0x138f6cc50_0 .net "digit3", 3 0, v0x138f6c560_0;  alias, 1 drivers
v0x138f6cd30_0 .net "digit4", 3 0, v0x138f6c4b0_0;  alias, 1 drivers
v0x138f6cde0_0 .var "digit_select", 1 0;
v0x138f6ce80_0 .var "seg", 3 0;
E_0x138f6c950 .event posedge, v0x138f6ca40_0;
S_0x138f6dd30 .scope module, "my_clock_divider" "clock_divider" 2 42, 6 3 0, S_0x138f20f50;
 .timescale -8 -9;
    .port_info 0 /INPUT 1 "clk";
    .port_info 1 /OUTPUT 1 "clk1Hz";
    .port_info 2 /OUTPUT 1 "clk2Hz";
    .port_info 3 /OUTPUT 1 "clk5Hz";
    .port_info 4 /OUTPUT 1 "clk1KHz";
v0x138f6df60_0 .net "clk", 0 0, o0x130040820;  alias, 0 drivers
v0x138f6dff0_0 .var "clk1Hz", 0 0;
v0x138f6e0c0_0 .var "clk1KHz", 0 0;
v0x138f6e190_0 .var "clk2Hz", 0 0;
v0x138f6e220_0 .var "clk5Hz", 0 0;
v0x138f6e2f0_0 .var "count1Hz", 31 0;
v0x138f6e380_0 .var "count1KHz", 31 0;
v0x138f6e420_0 .var "count2Hz", 31 0;
v0x138f6e4d0_0 .var "count5HZ", 31 0;
E_0x138f6df20 .event posedge, v0x138f6df60_0;
S_0x138f6e660 .scope module, "my_unlock" "unlocker" 2 50, 7 1 0, S_0x138f20f50;
 .timescale -8 -9;
    .port_info 0 /INPUT 1 "clk";
    .port_info 1 /INPUT 1 "locker";
    .port_info 2 /INPUT 1 "btn1";
    .port_info 3 /INPUT 1 "btn2";
    .port_info 4 /INPUT 1 "btn3";
    .port_info 5 /INPUT 1 "btn4";
    .port_info 6 /INPUT 1 "btn5";
    .port_info 7 /INPUT 1 "switch1";
    .port_info 8 /INPUT 4 "inputCount";
    .port_info 9 /INPUT 4 "userNameInput0";
    .port_info 10 /INPUT 4 "userNameInput1";
    .port_info 11 /INPUT 4 "userNameInput2";
    .port_info 12 /INPUT 4 "userNameInput3";
    .port_info 13 /INPUT 4 "passwordInput0";
    .port_info 14 /INPUT 4 "passwordInput1";
    .port_info 15 /INPUT 4 "passwordInput2";
    .port_info 16 /INPUT 4 "passwordInput3";
    .port_info 17 /INPUT 1 "flagResolve";
    .port_info 18 /OUTPUT 1 "lock";
    .port_info 19 /OUTPUT 1 "flag";
    .port_info 20 /OUTPUT 1 "flagSelect";
    .port_info 21 /OUTPUT 1 "resetCount";
v0x138f6eae0_0 .net "btn1", 0 0, o0x130040a60;  alias, 0 drivers
v0x138f6eb70_0 .net "btn2", 0 0, o0x130040a90;  alias, 0 drivers
v0x138f6ec00_0 .net "btn3", 0 0, o0x130040ac0;  alias, 0 drivers
v0x138f6ec90_0 .net "btn4", 0 0, o0x130040af0;  alias, 0 drivers
v0x138f6ed20_0 .net "btn5", 0 0, o0x130040b20;  alias, 0 drivers
v0x138f6ee00_0 .net "clk", 0 0, v0x138f6dff0_0;  alias, 1 drivers
v0x138f6ee90_0 .var/i "currentUser", 31 0;
v0x138f6ef40_0 .var "flag", 0 0;
v0x138f6efd0_0 .net "flagResolve", 0 0, v0x138f6d3e0_0;  alias, 1 drivers
v0x138f6f100_0 .var "flagSelect", 0 0;
v0x138f6f190_0 .var/i "i", 31 0;
v0x138f6f220_0 .net "inputCount", 3 0, o0x130040bb0;  alias, 0 drivers
v0x138f6f2b0_0 .var "lock", 0 0;
v0x138f6f360_0 .net "locker", 0 0, v0x138f6d610_0;  alias, 1 drivers
v0x138f6f410_0 .var/i "loginAttempts", 31 0;
v0x138f6f4a0_0 .net "passwordInput0", 3 0, o0x130040c10;  alias, 0 drivers
v0x138f6f540_0 .net "passwordInput1", 3 0, o0x130040c40;  alias, 0 drivers
v0x138f6f6f0_0 .net "passwordInput2", 3 0, o0x130040c70;  alias, 0 drivers
v0x138f6f7a0_0 .net "passwordInput3", 3 0, o0x130040ca0;  alias, 0 drivers
v0x138f6f850_0 .var "resetCount", 0 0;
v0x138f6f8f0_0 .net "switch1", 0 0, o0x130040d00;  alias, 0 drivers
v0x138f6f990_0 .var "tempPassword", 15 0;
v0x138f6fa40_0 .var "tempUser", 15 0;
v0x138f6faf0_0 .var/i "userCount", 31 0;
v0x138f6fba0 .array "userList", 0 7, 15 0;
v0x138f6fc40 .array "userMode", 0 7, 1 0;
v0x138f6fce0_0 .net "userNameInput0", 3 0, o0x130040dc0;  alias, 0 drivers
v0x138f6fd90_0 .net "userNameInput1", 3 0, o0x130040df0;  alias, 0 drivers
v0x138f6fe40_0 .net "userNameInput2", 3 0, o0x130040e20;  alias, 0 drivers
v0x138f6fef0_0 .net "userNameInput3", 3 0, o0x130040e50;  alias, 0 drivers
v0x138f6ffa0 .array "userPassword", 0 7, 15 0;
    .scope S_0x138f6dd30;
T_0 ;
    %pushi/vec4 0, 0, 32;
    %assign/vec4 v0x138f6e2f0_0, 0;
    %pushi/vec4 0, 0, 32;
    %assign/vec4 v0x138f6e420_0, 0;
    %pushi/vec4 0, 0, 32;
    %assign/vec4 v0x138f6e4d0_0, 0;
    %pushi/vec4 0, 0, 32;
    %assign/vec4 v0x138f6e380_0, 0;
    %pushi/vec4 0, 0, 1;
    %assign/vec4 v0x138f6dff0_0, 0;
    %pushi/vec4 0, 0, 1;
    %assign/vec4 v0x138f6e190_0, 0;
    %pushi/vec4 0, 0, 1;
    %assign/vec4 v0x138f6e220_0, 0;
    %pushi/vec4 0, 0, 1;
    %assign/vec4 v0x138f6e0c0_0, 0;
    %end;
    .thread T_0;
    .scope S_0x138f6dd30;
T_1 ;
    %wait E_0x138f6df20;
    %load/vec4 v0x138f6e380_0;
    %cmpi/e 50000, 0, 32;
    %jmp/0xz  T_1.0, 4;
    %load/vec4 v0x138f6e0c0_0;
    %inv;
    %assign/vec4 v0x138f6e0c0_0, 0;
    %pushi/vec4 0, 0, 32;
    %assign/vec4 v0x138f6e380_0, 0;
    %jmp T_1.1;
T_1.0 ;
    %load/vec4 v0x138f6e380_0;
    %addi 1, 0, 32;
    %assign/vec4 v0x138f6e380_0, 0;
T_1.1 ;
    %load/vec4 v0x138f6e4d0_0;
    %cmpi/e 10000000, 0, 32;
    %jmp/0xz  T_1.2, 4;
    %load/vec4 v0x138f6e220_0;
    %inv;
    %assign/vec4 v0x138f6e220_0, 0;
    %pushi/vec4 0, 0, 32;
    %assign/vec4 v0x138f6e4d0_0, 0;
    %jmp T_1.3;
T_1.2 ;
    %load/vec4 v0x138f6e4d0_0;
    %addi 1, 0, 32;
    %assign/vec4 v0x138f6e4d0_0, 0;
T_1.3 ;
    %load/vec4 v0x138f6e420_0;
    %cmpi/e 25000000, 0, 32;
    %jmp/0xz  T_1.4, 4;
    %load/vec4 v0x138f6e190_0;
    %inv;
    %assign/vec4 v0x138f6e190_0, 0;
    %pushi/vec4 0, 0, 32;
    %assign/vec4 v0x138f6e420_0, 0;
    %jmp T_1.5;
T_1.4 ;
    %load/vec4 v0x138f6e420_0;
    %addi 1, 0, 32;
    %assign/vec4 v0x138f6e420_0, 0;
T_1.5 ;
    %load/vec4 v0x138f6e2f0_0;
    %cmpi/e 50000000, 0, 32;
    %jmp/0xz  T_1.6, 4;
    %load/vec4 v0x138f6dff0_0;
    %inv;
    %assign/vec4 v0x138f6dff0_0, 0;
    %pushi/vec4 0, 0, 32;
    %assign/vec4 v0x138f6e2f0_0, 0;
    %jmp T_1.7;
T_1.6 ;
    %load/vec4 v0x138f6e2f0_0;
    %addi 1, 0, 32;
    %assign/vec4 v0x138f6e2f0_0, 0;
T_1.7 ;
    %jmp T_1;
    .thread T_1;
    .scope S_0x138f6e660;
T_2 ;
    %pushi/vec4 4352, 0, 16;
    %ix/load 3, 0, 0;
    %flag_set/imm 4, 0;
    %ix/load 4, 0, 0; Constant delay
    %assign/vec4/a/d v0x138f6fba0, 0, 4;
    %pushi/vec4 4352, 0, 16;
    %ix/load 3, 0, 0;
    %flag_set/imm 4, 0;
    %ix/load 4, 0, 0; Constant delay
    %assign/vec4/a/d v0x138f6ffa0, 0, 4;
    %pushi/vec4 0, 0, 2;
    %ix/load 3, 0, 0;
    %flag_set/imm 4, 0;
    %ix/load 4, 0, 0; Constant delay
    %assign/vec4/a/d v0x138f6fc40, 0, 4;
    %pushi/vec4 0, 0, 32;
    %assign/vec4 v0x138f6ee90_0, 0;
    %pushi/vec4 1, 0, 32;
    %assign/vec4 v0x138f6faf0_0, 0;
    %pushi/vec4 1, 0, 1;
    %assign/vec4 v0x138f6f2b0_0, 0;
    %pushi/vec4 0, 0, 32;
    %assign/vec4 v0x138f6f410_0, 0;
    %pushi/vec4 0, 0, 1;
    %assign/vec4 v0x138f6ef40_0, 0;
    %pushi/vec4 0, 0, 1;
    %assign/vec4 v0x138f6f100_0, 0;
    %end;
    .thread T_2;
    .scope S_0x138f6e660;
T_3 ;
    %wait E_0x138f0f600;
    %load/vec4 v0x138f6ef40_0;
    %flag_set/vec4 8;
    %jmp/0xz  T_3.0, 8;
    %load/vec4 v0x138f6efd0_0;
    %flag_set/vec4 8;
    %jmp/0xz  T_3.2, 8;
    %pushi/vec4 0, 0, 1;
    %assign/vec4 v0x138f6f100_0, 0;
    %pushi/vec4 0, 0, 1;
    %assign/vec4 v0x138f6ef40_0, 0;
T_3.2 ;
    %jmp T_3.1;
T_3.0 ;
    %load/vec4 v0x138f6f2b0_0;
    %inv;
    %flag_set/vec4 8;
    %jmp/0xz  T_3.4, 8;
    %load/vec4 v0x138f6f360_0;
    %flag_set/vec4 8;
    %jmp/1 T_3.8, 8;
    %load/vec4 v0x138f6eae0_0;
    %flag_set/vec4 9;
    %flag_or 8, 9;
T_3.8;
    %jmp/0xz  T_3.6, 8;
    %ix/getv/s 4, v0x138f6ee90_0;
    %load/vec4a v0x138f6fc40, 4;
    %pad/u 32;
    %cmpi/e 2, 0, 32;
    %jmp/0xz  T_3.9, 4;
    %load/vec4 v0x138f6faf0_0;
    %subi 1, 0, 32;
    %assign/vec4 v0x138f6faf0_0, 0;
    %ix/getv/s 4, v0x138f6faf0_0;
    %load/vec4a v0x138f6fba0, 4;
    %ix/getv/s 3, v0x138f6ee90_0;
    %ix/load 4, 0, 0; Constant delay
    %assign/vec4/a/d v0x138f6fba0, 0, 4;
    %ix/getv/s 4, v0x138f6faf0_0;
    %load/vec4a v0x138f6ffa0, 4;
    %ix/getv/s 3, v0x138f6ee90_0;
    %ix/load 4, 0, 0; Constant delay
    %assign/vec4/a/d v0x138f6ffa0, 0, 4;
    %ix/getv/s 4, v0x138f6faf0_0;
    %load/vec4a v0x138f6fc40, 4;
    %ix/getv/s 3, v0x138f6ee90_0;
    %ix/load 4, 0, 0; Constant delay
    %assign/vec4/a/d v0x138f6fc40, 0, 4;
T_3.9 ;
    %pushi/vec4 1, 0, 1;
    %assign/vec4 v0x138f6f2b0_0, 0;
    %pushi/vec4 0, 0, 1;
    %assign/vec4 v0x138f6f850_0, 0;
    %jmp T_3.7;
T_3.6 ;
    %ix/getv/s 4, v0x138f6ee90_0;
    %load/vec4a v0x138f6fc40, 4;
    %cmpi/e 0, 0, 2;
    %jmp/1 T_3.13, 4;
    %flag_mov 8, 4;
    %ix/getv/s 4, v0x138f6ee90_0;
    %load/vec4a v0x138f6fc40, 4;
    %cmpi/e 1, 0, 2;
    %flag_or 4, 8;
T_3.13;
    %jmp/0xz  T_3.11, 4;
    %load/vec4 v0x138f6eb70_0;
    %flag_set/vec4 8;
    %jmp/0xz  T_3.14, 8;
    %pushi/vec4 0, 0, 1;
    %assign/vec4 v0x138f6f850_0, 0;
    %load/vec4 v0x138f6f220_0;
    %pad/u 32;
    %cmpi/e 4, 0, 32;
    %jmp/0xz  T_3.16, 4;
    %load/vec4 v0x138f6fef0_0;
    %load/vec4 v0x138f6fe40_0;
    %concat/vec4; draw_concat_vec4
    %load/vec4 v0x138f6fd90_0;
    %concat/vec4; draw_concat_vec4
    %load/vec4 v0x138f6fce0_0;
    %concat/vec4; draw_concat_vec4
    %ix/getv/s 3, v0x138f6ee90_0;
    %ix/load 4, 0, 0; Constant delay
    %assign/vec4/a/d v0x138f6ffa0, 0, 4;
    %pushi/vec4 1, 0, 1;
    %assign/vec4 v0x138f6f850_0, 0;
T_3.16 ;
    %jmp T_3.15;
T_3.14 ;
    %ix/getv/s 4, v0x138f6ee90_0;
    %load/vec4a v0x138f6fc40, 4;
    %cmpi/e 0, 0, 2;
    %jmp/0xz  T_3.18, 4;
    %load/vec4 v0x138f6ec00_0;
    %flag_set/vec4 8;
    %jmp/0xz  T_3.20, 8;
    %pushi/vec4 0, 0, 1;
    %assign/vec4 v0x138f6f850_0, 0;
    %load/vec4 v0x138f6f220_0;
    %pad/u 32;
    %cmpi/e 8, 0, 32;
    %jmp/0xz  T_3.22, 4;
    %load/vec4 v0x138f6faf0_0;
    %cmpi/s 8, 0, 32;
    %jmp/0xz  T_3.24, 5;
    %load/vec4 v0x138f6fef0_0;
    %load/vec4 v0x138f6fe40_0;
    %concat/vec4; draw_concat_vec4
    %load/vec4 v0x138f6fd90_0;
    %concat/vec4; draw_concat_vec4
    %load/vec4 v0x138f6fce0_0;
    %concat/vec4; draw_concat_vec4
    %ix/getv/s 3, v0x138f6faf0_0;
    %ix/load 4, 0, 0; Constant delay
    %assign/vec4/a/d v0x138f6fba0, 0, 4;
    %load/vec4 v0x138f6f7a0_0;
    %load/vec4 v0x138f6f6f0_0;
    %concat/vec4; draw_concat_vec4
    %load/vec4 v0x138f6f540_0;
    %concat/vec4; draw_concat_vec4
    %load/vec4 v0x138f6f4a0_0;
    %concat/vec4; draw_concat_vec4
    %ix/getv/s 3, v0x138f6faf0_0;
    %ix/load 4, 0, 0; Constant delay
    %assign/vec4/a/d v0x138f6ffa0, 0, 4;
    %load/vec4 v0x138f6f8f0_0;
    %flag_set/vec4 8;
    %jmp/0xz  T_3.26, 8;
    %pushi/vec4 1, 0, 2;
    %ix/getv/s 3, v0x138f6faf0_0;
    %ix/load 4, 0, 0; Constant delay
    %assign/vec4/a/d v0x138f6fc40, 0, 4;
    %jmp T_3.27;
T_3.26 ;
    %pushi/vec4 2, 0, 2;
    %ix/getv/s 3, v0x138f6faf0_0;
    %ix/load 4, 0, 0; Constant delay
    %assign/vec4/a/d v0x138f6fc40, 0, 4;
T_3.27 ;
    %pushi/vec4 1, 0, 1;
    %assign/vec4 v0x138f6f850_0, 0;
    %load/vec4 v0x138f6faf0_0;
    %addi 1, 0, 32;
    %assign/vec4 v0x138f6faf0_0, 0;
T_3.24 ;
T_3.22 ;
    %jmp T_3.21;
T_3.20 ;
    %load/vec4 v0x138f6ec90_0;
    %flag_set/vec4 8;
    %jmp/0xz  T_3.28, 8;
    %pushi/vec4 0, 0, 1;
    %assign/vec4 v0x138f6f850_0, 0;
    %load/vec4 v0x138f6f220_0;
    %pad/u 32;
    %cmpi/e 8, 0, 32;
    %jmp/0xz  T_3.30, 4;
    %pushi/vec4 1, 0, 1;
    %assign/vec4 v0x138f6f850_0, 0;
    %pushi/vec4 0, 0, 32;
    %store/vec4 v0x138f6f190_0, 0, 32;
T_3.32 ;
    %load/vec4 v0x138f6f190_0;
    %load/vec4 v0x138f6faf0_0;
    %cmp/s;
    %jmp/0xz T_3.33, 5;
    %ix/getv/s 4, v0x138f6f190_0;
    %load/vec4a v0x138f6fba0, 4;
    %assign/vec4 v0x138f6fa40_0, 0;
    %ix/getv/s 4, v0x138f6f190_0;
    %load/vec4a v0x138f6ffa0, 4;
    %assign/vec4 v0x138f6f990_0, 0;
    %load/vec4 v0x138f6fa40_0;
    %parti/s 4, 0, 2;
    %load/vec4 v0x138f6fce0_0;
    %cmp/e;
    %flag_get/vec4 4;
    %jmp/0 T_3.38, 4;
    %load/vec4 v0x138f6fa40_0;
    %parti/s 4, 4, 4;
    %load/vec4 v0x138f6fd90_0;
    %cmp/e;
    %flag_get/vec4 4;
    %and;
T_3.38;
    %flag_set/vec4 10;
    %flag_get/vec4 10;
    %jmp/0 T_3.37, 10;
    %load/vec4 v0x138f6fa40_0;
    %parti/s 4, 8, 5;
    %load/vec4 v0x138f6fe40_0;
    %cmp/e;
    %flag_get/vec4 4;
    %and;
T_3.37;
    %flag_set/vec4 9;
    %flag_get/vec4 9;
    %jmp/0 T_3.36, 9;
    %load/vec4 v0x138f6fa40_0;
    %parti/s 4, 12, 5;
    %load/vec4 v0x138f6fef0_0;
    %cmp/e;
    %flag_get/vec4 4;
    %and;
T_3.36;
    %flag_set/vec4 8;
    %jmp/0xz  T_3.34, 8;
    %load/vec4 v0x138f6f7a0_0;
    %load/vec4 v0x138f6f6f0_0;
    %concat/vec4; draw_concat_vec4
    %load/vec4 v0x138f6f540_0;
    %concat/vec4; draw_concat_vec4
    %load/vec4 v0x138f6f4a0_0;
    %concat/vec4; draw_concat_vec4
    %ix/getv/s 3, v0x138f6f190_0;
    %ix/load 4, 0, 0; Constant delay
    %assign/vec4/a/d v0x138f6ffa0, 0, 4;
T_3.34 ;
    %load/vec4 v0x138f6f190_0;
    %addi 1, 0, 32;
    %store/vec4 v0x138f6f190_0, 0, 32;
    %jmp T_3.32;
T_3.33 ;
T_3.30 ;
    %jmp T_3.29;
T_3.28 ;
    %load/vec4 v0x138f6ed20_0;
    %flag_set/vec4 8;
    %jmp/0xz  T_3.39, 8;
    %pushi/vec4 0, 0, 1;
    %assign/vec4 v0x138f6f850_0, 0;
    %load/vec4 v0x138f6f220_0;
    %pad/u 32;
    %cmpi/e 4, 0, 32;
    %jmp/0xz  T_3.41, 4;
    %pushi/vec4 1, 0, 1;
    %assign/vec4 v0x138f6f850_0, 0;
    %pushi/vec4 0, 0, 32;
    %store/vec4 v0x138f6f190_0, 0, 32;
T_3.43 ;
    %load/vec4 v0x138f6f190_0;
    %load/vec4 v0x138f6faf0_0;
    %cmp/s;
    %jmp/0xz T_3.44, 5;
    %ix/getv/s 4, v0x138f6f190_0;
    %load/vec4a v0x138f6fba0, 4;
    %assign/vec4 v0x138f6fa40_0, 0;
    %ix/getv/s 4, v0x138f6f190_0;
    %load/vec4a v0x138f6ffa0, 4;
    %assign/vec4 v0x138f6f990_0, 0;
    %load/vec4 v0x138f6fa40_0;
    %parti/s 4, 0, 2;
    %load/vec4 v0x138f6fce0_0;
    %cmp/e;
    %flag_get/vec4 4;
    %jmp/0 T_3.49, 4;
    %load/vec4 v0x138f6fa40_0;
    %parti/s 4, 4, 4;
    %load/vec4 v0x138f6fd90_0;
    %cmp/e;
    %flag_get/vec4 4;
    %and;
T_3.49;
    %flag_set/vec4 10;
    %flag_get/vec4 10;
    %jmp/0 T_3.48, 10;
    %load/vec4 v0x138f6fa40_0;
    %parti/s 4, 8, 5;
    %load/vec4 v0x138f6fe40_0;
    %cmp/e;
    %flag_get/vec4 4;
    %and;
T_3.48;
    %flag_set/vec4 9;
    %flag_get/vec4 9;
    %jmp/0 T_3.47, 9;
    %load/vec4 v0x138f6fa40_0;
    %parti/s 4, 12, 5;
    %load/vec4 v0x138f6fef0_0;
    %cmp/e;
    %flag_get/vec4 4;
    %and;
T_3.47;
    %flag_set/vec4 8;
    %jmp/0xz  T_3.45, 8;
    %load/vec4 v0x138f6faf0_0;
    %subi 1, 0, 32;
    %assign/vec4 v0x138f6faf0_0, 0;
    %ix/getv/s 4, v0x138f6faf0_0;
    %load/vec4a v0x138f6fba0, 4;
    %ix/getv/s 3, v0x138f6f190_0;
    %ix/load 4, 0, 0; Constant delay
    %assign/vec4/a/d v0x138f6fba0, 0, 4;
    %ix/getv/s 4, v0x138f6faf0_0;
    %load/vec4a v0x138f6ffa0, 4;
    %ix/getv/s 3, v0x138f6f190_0;
    %ix/load 4, 0, 0; Constant delay
    %assign/vec4/a/d v0x138f6ffa0, 0, 4;
    %ix/getv/s 4, v0x138f6faf0_0;
    %load/vec4a v0x138f6fc40, 4;
    %ix/getv/s 3, v0x138f6f190_0;
    %ix/load 4, 0, 0; Constant delay
    %assign/vec4/a/d v0x138f6fc40, 0, 4;
T_3.45 ;
    %load/vec4 v0x138f6f190_0;
    %addi 1, 0, 32;
    %store/vec4 v0x138f6f190_0, 0, 32;
    %jmp T_3.43;
T_3.44 ;
T_3.41 ;
T_3.39 ;
T_3.29 ;
T_3.21 ;
T_3.18 ;
T_3.15 ;
T_3.11 ;
T_3.7 ;
    %jmp T_3.5;
T_3.4 ;
    %load/vec4 v0x138f6f220_0;
    %pad/u 32;
    %cmpi/e 8, 0, 32;
    %jmp/0xz  T_3.50, 4;
    %pushi/vec4 0, 0, 32;
    %store/vec4 v0x138f6f190_0, 0, 32;
T_3.52 ;
    %load/vec4 v0x138f6f190_0;
    %load/vec4 v0x138f6faf0_0;
    %cmp/s;
    %jmp/0xz T_3.53, 5;
    %ix/getv/s 4, v0x138f6f190_0;
    %load/vec4a v0x138f6fba0, 4;
    %parti/s 20, 0, 2;
    %pad/u 16;
    %assign/vec4 v0x138f6fa40_0, 0;
    %ix/getv/s 4, v0x138f6f190_0;
    %load/vec4a v0x138f6ffa0, 4;
    %parti/s 20, 0, 2;
    %pad/u 16;
    %assign/vec4 v0x138f6f990_0, 0;
    %load/vec4 v0x138f6fa40_0;
    %parti/s 4, 0, 2;
    %load/vec4 v0x138f6fce0_0;
    %cmp/e;
    %flag_get/vec4 4;
    %jmp/0 T_3.58, 4;
    %load/vec4 v0x138f6fa40_0;
    %parti/s 4, 4, 4;
    %load/vec4 v0x138f6fd90_0;
    %cmp/e;
    %flag_get/vec4 4;
    %and;
T_3.58;
    %flag_set/vec4 10;
    %flag_get/vec4 10;
    %jmp/0 T_3.57, 10;
    %load/vec4 v0x138f6fa40_0;
    %parti/s 4, 8, 5;
    %load/vec4 v0x138f6fe40_0;
    %cmp/e;
    %flag_get/vec4 4;
    %and;
T_3.57;
    %flag_set/vec4 9;
    %flag_get/vec4 9;
    %jmp/0 T_3.56, 9;
    %load/vec4 v0x138f6fa40_0;
    %parti/s 4, 12, 5;
    %load/vec4 v0x138f6fef0_0;
    %cmp/e;
    %flag_get/vec4 4;
    %and;
T_3.56;
    %flag_set/vec4 8;
    %jmp/0xz  T_3.54, 8;
    %load/vec4 v0x138f6f990_0;
    %parti/s 4, 0, 2;
    %load/vec4 v0x138f6f4a0_0;
    %cmp/e;
    %flag_get/vec4 4;
    %jmp/0 T_3.63, 4;
    %load/vec4 v0x138f6f990_0;
    %parti/s 4, 4, 4;
    %load/vec4 v0x138f6f540_0;
    %cmp/e;
    %flag_get/vec4 4;
    %and;
T_3.63;
    %flag_set/vec4 10;
    %flag_get/vec4 10;
    %jmp/0 T_3.62, 10;
    %load/vec4 v0x138f6f990_0;
    %parti/s 4, 8, 5;
    %load/vec4 v0x138f6f6f0_0;
    %cmp/e;
    %flag_get/vec4 4;
    %and;
T_3.62;
    %flag_set/vec4 9;
    %flag_get/vec4 9;
    %jmp/0 T_3.61, 9;
    %load/vec4 v0x138f6f990_0;
    %parti/s 4, 12, 5;
    %load/vec4 v0x138f6f7a0_0;
    %cmp/e;
    %flag_get/vec4 4;
    %and;
T_3.61;
    %flag_set/vec4 8;
    %jmp/0xz  T_3.59, 8;
    %load/vec4 v0x138f6f190_0;
    %assign/vec4 v0x138f6ee90_0, 0;
    %pushi/vec4 0, 0, 1;
    %assign/vec4 v0x138f6f2b0_0, 0;
    %pushi/vec4 1, 0, 1;
    %assign/vec4 v0x138f6f850_0, 0;
    %pushi/vec4 0, 0, 32;
    %assign/vec4 v0x138f6f410_0, 0;
    %vpi_call 7 189 "$display", "Successful attempt" {0 0 0};
    %jmp T_3.60;
T_3.59 ;
    %vpi_call 7 193 "$display", "Failed attempt" {0 0 0};
    %pushi/vec4 1, 0, 1;
    %assign/vec4 v0x138f6ef40_0, 0;
    %load/vec4 v0x138f6f410_0;
    %cmpi/e 2, 0, 32;
    %jmp/0xz  T_3.64, 4;
    %pushi/vec4 1, 0, 1;
    %assign/vec4 v0x138f6f100_0, 0;
    %pushi/vec4 0, 0, 32;
    %assign/vec4 v0x138f6f410_0, 0;
    %jmp T_3.65;
T_3.64 ;
    %load/vec4 v0x138f6f410_0;
    %addi 1, 0, 32;
    %assign/vec4 v0x138f6f410_0, 0;
    %pushi/vec4 0, 0, 1;
    %assign/vec4 v0x138f6f100_0, 0;
T_3.65 ;
T_3.60 ;
T_3.54 ;
    %load/vec4 v0x138f6f190_0;
    %addi 1, 0, 32;
    %store/vec4 v0x138f6f190_0, 0, 32;
    %jmp T_3.52;
T_3.53 ;
T_3.50 ;
T_3.5 ;
T_3.1 ;
    %jmp T_3;
    .thread T_3;
    .scope S_0x138f6c690;
T_4 ;
    %pushi/vec4 0, 0, 2;
    %assign/vec4 v0x138f6cde0_0, 0;
    %end;
    .thread T_4;
    .scope S_0x138f6c690;
T_5 ;
    %wait E_0x138f6c950;
    %load/vec4 v0x138f6cde0_0;
    %dup/vec4;
    %pushi/vec4 0, 0, 2;
    %cmp/u;
    %jmp/1 T_5.0, 6;
    %dup/vec4;
    %pushi/vec4 1, 0, 2;
    %cmp/u;
    %jmp/1 T_5.1, 6;
    %dup/vec4;
    %pushi/vec4 2, 0, 2;
    %cmp/u;
    %jmp/1 T_5.2, 6;
    %dup/vec4;
    %pushi/vec4 3, 0, 2;
    %cmp/u;
    %jmp/1 T_5.3, 6;
    %jmp T_5.4;
T_5.0 ;
    %pushi/vec4 7, 0, 4;
    %store/vec4 v0x138f6c990_0, 0, 4;
    %load/vec4 v0x138f6cae0_0;
    %dup/vec4;
    %pushi/vec4 0, 0, 4;
    %cmp/u;
    %jmp/1 T_5.5, 6;
    %dup/vec4;
    %pushi/vec4 1, 0, 4;
    %cmp/u;
    %jmp/1 T_5.6, 6;
    %dup/vec4;
    %pushi/vec4 2, 0, 4;
    %cmp/u;
    %jmp/1 T_5.7, 6;
    %dup/vec4;
    %pushi/vec4 3, 0, 4;
    %cmp/u;
    %jmp/1 T_5.8, 6;
    %dup/vec4;
    %pushi/vec4 4, 0, 4;
    %cmp/u;
    %jmp/1 T_5.9, 6;
    %dup/vec4;
    %pushi/vec4 5, 0, 4;
    %cmp/u;
    %jmp/1 T_5.10, 6;
    %dup/vec4;
    %pushi/vec4 6, 0, 4;
    %cmp/u;
    %jmp/1 T_5.11, 6;
    %dup/vec4;
    %pushi/vec4 7, 0, 4;
    %cmp/u;
    %jmp/1 T_5.12, 6;
    %dup/vec4;
    %pushi/vec4 8, 0, 4;
    %cmp/u;
    %jmp/1 T_5.13, 6;
    %dup/vec4;
    %pushi/vec4 9, 0, 4;
    %cmp/u;
    %jmp/1 T_5.14, 6;
    %dup/vec4;
    %pushi/vec4 10, 0, 4;
    %cmp/u;
    %jmp/1 T_5.15, 6;
    %dup/vec4;
    %pushi/vec4 11, 0, 4;
    %cmp/u;
    %jmp/1 T_5.16, 6;
    %dup/vec4;
    %pushi/vec4 12, 0, 4;
    %cmp/u;
    %jmp/1 T_5.17, 6;
    %dup/vec4;
    %pushi/vec4 13, 0, 4;
    %cmp/u;
    %jmp/1 T_5.18, 6;
    %dup/vec4;
    %pushi/vec4 14, 0, 4;
    %cmp/u;
    %jmp/1 T_5.19, 6;
    %dup/vec4;
    %pushi/vec4 15, 0, 4;
    %cmp/u;
    %jmp/1 T_5.20, 6;
    %jmp T_5.21;
T_5.5 ;
    %pushi/vec4 0, 0, 4;
    %store/vec4 v0x138f6ce80_0, 0, 4;
    %jmp T_5.21;
T_5.6 ;
    %pushi/vec4 9, 0, 4;
    %store/vec4 v0x138f6ce80_0, 0, 4;
    %jmp T_5.21;
T_5.7 ;
    %pushi/vec4 4, 0, 4;
    %store/vec4 v0x138f6ce80_0, 0, 4;
    %jmp T_5.21;
T_5.8 ;
    %pushi/vec4 0, 0, 4;
    %store/vec4 v0x138f6ce80_0, 0, 4;
    %jmp T_5.21;
T_5.9 ;
    %pushi/vec4 9, 0, 4;
    %store/vec4 v0x138f6ce80_0, 0, 4;
    %jmp T_5.21;
T_5.10 ;
    %pushi/vec4 2, 0, 4;
    %store/vec4 v0x138f6ce80_0, 0, 4;
    %jmp T_5.21;
T_5.11 ;
    %pushi/vec4 2, 0, 4;
    %store/vec4 v0x138f6ce80_0, 0, 4;
    %jmp T_5.21;
T_5.12 ;
    %pushi/vec4 8, 0, 4;
    %store/vec4 v0x138f6ce80_0, 0, 4;
    %jmp T_5.21;
T_5.13 ;
    %pushi/vec4 0, 0, 4;
    %store/vec4 v0x138f6ce80_0, 0, 4;
    %jmp T_5.21;
T_5.14 ;
    %pushi/vec4 0, 0, 4;
    %store/vec4 v0x138f6ce80_0, 0, 4;
    %jmp T_5.21;
T_5.15 ;
    %pushi/vec4 8, 0, 4;
    %store/vec4 v0x138f6ce80_0, 0, 4;
    %jmp T_5.21;
T_5.16 ;
    %pushi/vec4 3, 0, 4;
    %store/vec4 v0x138f6ce80_0, 0, 4;
    %jmp T_5.21;
T_5.17 ;
    %pushi/vec4 6, 0, 4;
    %store/vec4 v0x138f6ce80_0, 0, 4;
    %jmp T_5.21;
T_5.18 ;
    %pushi/vec4 1, 0, 4;
    %store/vec4 v0x138f6ce80_0, 0, 4;
    %jmp T_5.21;
T_5.19 ;
    %pushi/vec4 6, 0, 4;
    %store/vec4 v0x138f6ce80_0, 0, 4;
    %jmp T_5.21;
T_5.20 ;
    %pushi/vec4 14, 0, 4;
    %store/vec4 v0x138f6ce80_0, 0, 4;
    %jmp T_5.21;
T_5.21 ;
    %pop/vec4 1;
    %jmp T_5.4;
T_5.1 ;
    %pushi/vec4 11, 0, 4;
    %store/vec4 v0x138f6c990_0, 0, 4;
    %load/vec4 v0x138f6cba0_0;
    %dup/vec4;
    %pushi/vec4 0, 0, 4;
    %cmp/u;
    %jmp/1 T_5.22, 6;
    %dup/vec4;
    %pushi/vec4 1, 0, 4;
    %cmp/u;
    %jmp/1 T_5.23, 6;
    %dup/vec4;
    %pushi/vec4 2, 0, 4;
    %cmp/u;
    %jmp/1 T_5.24, 6;
    %dup/vec4;
    %pushi/vec4 3, 0, 4;
    %cmp/u;
    %jmp/1 T_5.25, 6;
    %dup/vec4;
    %pushi/vec4 4, 0, 4;
    %cmp/u;
    %jmp/1 T_5.26, 6;
    %dup/vec4;
    %pushi/vec4 5, 0, 4;
    %cmp/u;
    %jmp/1 T_5.27, 6;
    %dup/vec4;
    %pushi/vec4 6, 0, 4;
    %cmp/u;
    %jmp/1 T_5.28, 6;
    %dup/vec4;
    %pushi/vec4 7, 0, 4;
    %cmp/u;
    %jmp/1 T_5.29, 6;
    %dup/vec4;
    %pushi/vec4 8, 0, 4;
    %cmp/u;
    %jmp/1 T_5.30, 6;
    %dup/vec4;
    %pushi/vec4 9, 0, 4;
    %cmp/u;
    %jmp/1 T_5.31, 6;
    %dup/vec4;
    %pushi/vec4 10, 0, 4;
    %cmp/u;
    %jmp/1 T_5.32, 6;
    %dup/vec4;
    %pushi/vec4 11, 0, 4;
    %cmp/u;
    %jmp/1 T_5.33, 6;
    %dup/vec4;
    %pushi/vec4 12, 0, 4;
    %cmp/u;
    %jmp/1 T_5.34, 6;
    %dup/vec4;
    %pushi/vec4 13, 0, 4;
    %cmp/u;
    %jmp/1 T_5.35, 6;
    %dup/vec4;
    %pushi/vec4 14, 0, 4;
    %cmp/u;
    %jmp/1 T_5.36, 6;
    %dup/vec4;
    %pushi/vec4 15, 0, 4;
    %cmp/u;
    %jmp/1 T_5.37, 6;
    %jmp T_5.38;
T_5.22 ;
    %pushi/vec4 0, 0, 4;
    %store/vec4 v0x138f6ce80_0, 0, 4;
    %jmp T_5.38;
T_5.23 ;
    %pushi/vec4 9, 0, 4;
    %store/vec4 v0x138f6ce80_0, 0, 4;
    %jmp T_5.38;
T_5.24 ;
    %pushi/vec4 4, 0, 4;
    %store/vec4 v0x138f6ce80_0, 0, 4;
    %jmp T_5.38;
T_5.25 ;
    %pushi/vec4 0, 0, 4;
    %store/vec4 v0x138f6ce80_0, 0, 4;
    %jmp T_5.38;
T_5.26 ;
    %pushi/vec4 9, 0, 4;
    %store/vec4 v0x138f6ce80_0, 0, 4;
    %jmp T_5.38;
T_5.27 ;
    %pushi/vec4 2, 0, 4;
    %store/vec4 v0x138f6ce80_0, 0, 4;
    %jmp T_5.38;
T_5.28 ;
    %pushi/vec4 2, 0, 4;
    %store/vec4 v0x138f6ce80_0, 0, 4;
    %jmp T_5.38;
T_5.29 ;
    %pushi/vec4 8, 0, 4;
    %store/vec4 v0x138f6ce80_0, 0, 4;
    %jmp T_5.38;
T_5.30 ;
    %pushi/vec4 0, 0, 4;
    %store/vec4 v0x138f6ce80_0, 0, 4;
    %jmp T_5.38;
T_5.31 ;
    %pushi/vec4 0, 0, 4;
    %store/vec4 v0x138f6ce80_0, 0, 4;
    %jmp T_5.38;
T_5.32 ;
    %pushi/vec4 8, 0, 4;
    %store/vec4 v0x138f6ce80_0, 0, 4;
    %jmp T_5.38;
T_5.33 ;
    %pushi/vec4 3, 0, 4;
    %store/vec4 v0x138f6ce80_0, 0, 4;
    %jmp T_5.38;
T_5.34 ;
    %pushi/vec4 6, 0, 4;
    %store/vec4 v0x138f6ce80_0, 0, 4;
    %jmp T_5.38;
T_5.35 ;
    %pushi/vec4 1, 0, 4;
    %store/vec4 v0x138f6ce80_0, 0, 4;
    %jmp T_5.38;
T_5.36 ;
    %pushi/vec4 6, 0, 4;
    %store/vec4 v0x138f6ce80_0, 0, 4;
    %jmp T_5.38;
T_5.37 ;
    %pushi/vec4 14, 0, 4;
    %store/vec4 v0x138f6ce80_0, 0, 4;
    %jmp T_5.38;
T_5.38 ;
    %pop/vec4 1;
    %jmp T_5.4;
T_5.2 ;
    %pushi/vec4 13, 0, 4;
    %store/vec4 v0x138f6c990_0, 0, 4;
    %load/vec4 v0x138f6cc50_0;
    %dup/vec4;
    %pushi/vec4 0, 0, 4;
    %cmp/u;
    %jmp/1 T_5.39, 6;
    %dup/vec4;
    %pushi/vec4 1, 0, 4;
    %cmp/u;
    %jmp/1 T_5.40, 6;
    %dup/vec4;
    %pushi/vec4 2, 0, 4;
    %cmp/u;
    %jmp/1 T_5.41, 6;
    %dup/vec4;
    %pushi/vec4 3, 0, 4;
    %cmp/u;
    %jmp/1 T_5.42, 6;
    %dup/vec4;
    %pushi/vec4 4, 0, 4;
    %cmp/u;
    %jmp/1 T_5.43, 6;
    %dup/vec4;
    %pushi/vec4 5, 0, 4;
    %cmp/u;
    %jmp/1 T_5.44, 6;
    %dup/vec4;
    %pushi/vec4 6, 0, 4;
    %cmp/u;
    %jmp/1 T_5.45, 6;
    %dup/vec4;
    %pushi/vec4 7, 0, 4;
    %cmp/u;
    %jmp/1 T_5.46, 6;
    %dup/vec4;
    %pushi/vec4 8, 0, 4;
    %cmp/u;
    %jmp/1 T_5.47, 6;
    %dup/vec4;
    %pushi/vec4 9, 0, 4;
    %cmp/u;
    %jmp/1 T_5.48, 6;
    %dup/vec4;
    %pushi/vec4 10, 0, 4;
    %cmp/u;
    %jmp/1 T_5.49, 6;
    %dup/vec4;
    %pushi/vec4 11, 0, 4;
    %cmp/u;
    %jmp/1 T_5.50, 6;
    %dup/vec4;
    %pushi/vec4 12, 0, 4;
    %cmp/u;
    %jmp/1 T_5.51, 6;
    %dup/vec4;
    %pushi/vec4 13, 0, 4;
    %cmp/u;
    %jmp/1 T_5.52, 6;
    %dup/vec4;
    %pushi/vec4 14, 0, 4;
    %cmp/u;
    %jmp/1 T_5.53, 6;
    %dup/vec4;
    %pushi/vec4 15, 0, 4;
    %cmp/u;
    %jmp/1 T_5.54, 6;
    %jmp T_5.55;
T_5.39 ;
    %pushi/vec4 0, 0, 4;
    %store/vec4 v0x138f6ce80_0, 0, 4;
    %jmp T_5.55;
T_5.40 ;
    %pushi/vec4 9, 0, 4;
    %store/vec4 v0x138f6ce80_0, 0, 4;
    %jmp T_5.55;
T_5.41 ;
    %pushi/vec4 4, 0, 4;
    %store/vec4 v0x138f6ce80_0, 0, 4;
    %jmp T_5.55;
T_5.42 ;
    %pushi/vec4 0, 0, 4;
    %store/vec4 v0x138f6ce80_0, 0, 4;
    %jmp T_5.55;
T_5.43 ;
    %pushi/vec4 9, 0, 4;
    %store/vec4 v0x138f6ce80_0, 0, 4;
    %jmp T_5.55;
T_5.44 ;
    %pushi/vec4 2, 0, 4;
    %store/vec4 v0x138f6ce80_0, 0, 4;
    %jmp T_5.55;
T_5.45 ;
    %pushi/vec4 2, 0, 4;
    %store/vec4 v0x138f6ce80_0, 0, 4;
    %jmp T_5.55;
T_5.46 ;
    %pushi/vec4 8, 0, 4;
    %store/vec4 v0x138f6ce80_0, 0, 4;
    %jmp T_5.55;
T_5.47 ;
    %pushi/vec4 0, 0, 4;
    %store/vec4 v0x138f6ce80_0, 0, 4;
    %jmp T_5.55;
T_5.48 ;
    %pushi/vec4 0, 0, 4;
    %store/vec4 v0x138f6ce80_0, 0, 4;
    %jmp T_5.55;
T_5.49 ;
    %pushi/vec4 8, 0, 4;
    %store/vec4 v0x138f6ce80_0, 0, 4;
    %jmp T_5.55;
T_5.50 ;
    %pushi/vec4 3, 0, 4;
    %store/vec4 v0x138f6ce80_0, 0, 4;
    %jmp T_5.55;
T_5.51 ;
    %pushi/vec4 6, 0, 4;
    %store/vec4 v0x138f6ce80_0, 0, 4;
    %jmp T_5.55;
T_5.52 ;
    %pushi/vec4 1, 0, 4;
    %store/vec4 v0x138f6ce80_0, 0, 4;
    %jmp T_5.55;
T_5.53 ;
    %pushi/vec4 6, 0, 4;
    %store/vec4 v0x138f6ce80_0, 0, 4;
    %jmp T_5.55;
T_5.54 ;
    %pushi/vec4 14, 0, 4;
    %store/vec4 v0x138f6ce80_0, 0, 4;
    %jmp T_5.55;
T_5.55 ;
    %pop/vec4 1;
    %jmp T_5.4;
T_5.3 ;
    %pushi/vec4 14, 0, 4;
    %store/vec4 v0x138f6c990_0, 0, 4;
    %load/vec4 v0x138f6cd30_0;
    %dup/vec4;
    %pushi/vec4 0, 0, 4;
    %cmp/u;
    %jmp/1 T_5.56, 6;
    %dup/vec4;
    %pushi/vec4 1, 0, 4;
    %cmp/u;
    %jmp/1 T_5.57, 6;
    %dup/vec4;
    %pushi/vec4 2, 0, 4;
    %cmp/u;
    %jmp/1 T_5.58, 6;
    %dup/vec4;
    %pushi/vec4 3, 0, 4;
    %cmp/u;
    %jmp/1 T_5.59, 6;
    %dup/vec4;
    %pushi/vec4 4, 0, 4;
    %cmp/u;
    %jmp/1 T_5.60, 6;
    %dup/vec4;
    %pushi/vec4 5, 0, 4;
    %cmp/u;
    %jmp/1 T_5.61, 6;
    %dup/vec4;
    %pushi/vec4 6, 0, 4;
    %cmp/u;
    %jmp/1 T_5.62, 6;
    %dup/vec4;
    %pushi/vec4 7, 0, 4;
    %cmp/u;
    %jmp/1 T_5.63, 6;
    %dup/vec4;
    %pushi/vec4 8, 0, 4;
    %cmp/u;
    %jmp/1 T_5.64, 6;
    %dup/vec4;
    %pushi/vec4 9, 0, 4;
    %cmp/u;
    %jmp/1 T_5.65, 6;
    %dup/vec4;
    %pushi/vec4 10, 0, 4;
    %cmp/u;
    %jmp/1 T_5.66, 6;
    %dup/vec4;
    %pushi/vec4 11, 0, 4;
    %cmp/u;
    %jmp/1 T_5.67, 6;
    %dup/vec4;
    %pushi/vec4 12, 0, 4;
    %cmp/u;
    %jmp/1 T_5.68, 6;
    %dup/vec4;
    %pushi/vec4 13, 0, 4;
    %cmp/u;
    %jmp/1 T_5.69, 6;
    %dup/vec4;
    %pushi/vec4 14, 0, 4;
    %cmp/u;
    %jmp/1 T_5.70, 6;
    %dup/vec4;
    %pushi/vec4 15, 0, 4;
    %cmp/u;
    %jmp/1 T_5.71, 6;
    %jmp T_5.72;
T_5.56 ;
    %pushi/vec4 0, 0, 4;
    %store/vec4 v0x138f6ce80_0, 0, 4;
    %jmp T_5.72;
T_5.57 ;
    %pushi/vec4 9, 0, 4;
    %store/vec4 v0x138f6ce80_0, 0, 4;
    %jmp T_5.72;
T_5.58 ;
    %pushi/vec4 4, 0, 4;
    %store/vec4 v0x138f6ce80_0, 0, 4;
    %jmp T_5.72;
T_5.59 ;
    %pushi/vec4 0, 0, 4;
    %store/vec4 v0x138f6ce80_0, 0, 4;
    %jmp T_5.72;
T_5.60 ;
    %pushi/vec4 9, 0, 4;
    %store/vec4 v0x138f6ce80_0, 0, 4;
    %jmp T_5.72;
T_5.61 ;
    %pushi/vec4 2, 0, 4;
    %store/vec4 v0x138f6ce80_0, 0, 4;
    %jmp T_5.72;
T_5.62 ;
    %pushi/vec4 2, 0, 4;
    %store/vec4 v0x138f6ce80_0, 0, 4;
    %jmp T_5.72;
T_5.63 ;
    %pushi/vec4 8, 0, 4;
    %store/vec4 v0x138f6ce80_0, 0, 4;
    %jmp T_5.72;
T_5.64 ;
    %pushi/vec4 0, 0, 4;
    %store/vec4 v0x138f6ce80_0, 0, 4;
    %jmp T_5.72;
T_5.65 ;
    %pushi/vec4 0, 0, 4;
    %store/vec4 v0x138f6ce80_0, 0, 4;
    %jmp T_5.72;
T_5.66 ;
    %pushi/vec4 8, 0, 4;
    %store/vec4 v0x138f6ce80_0, 0, 4;
    %jmp T_5.72;
T_5.67 ;
    %pushi/vec4 3, 0, 4;
    %store/vec4 v0x138f6ce80_0, 0, 4;
    %jmp T_5.72;
T_5.68 ;
    %pushi/vec4 6, 0, 4;
    %store/vec4 v0x138f6ce80_0, 0, 4;
    %jmp T_5.72;
T_5.69 ;
    %pushi/vec4 1, 0, 4;
    %store/vec4 v0x138f6ce80_0, 0, 4;
    %jmp T_5.72;
T_5.70 ;
    %pushi/vec4 6, 0, 4;
    %store/vec4 v0x138f6ce80_0, 0, 4;
    %jmp T_5.72;
T_5.71 ;
    %pushi/vec4 14, 0, 4;
    %store/vec4 v0x138f6ce80_0, 0, 4;
    %jmp T_5.72;
T_5.72 ;
    %pop/vec4 1;
    %jmp T_5.4;
T_5.4 ;
    %pop/vec4 1;
    %load/vec4 v0x138f6cde0_0;
    %addi 1, 0, 2;
    %assign/vec4 v0x138f6cde0_0, 0;
    %jmp T_5;
    .thread T_5;
    .scope S_0x138f19030;
T_6 ;
    %pushi/vec4 0, 0, 2;
    %assign/vec4 v0x138f542f0_0, 0;
    %pushi/vec4 7, 0, 4;
    %assign/vec4 v0x138f6c560_0, 0;
    %pushi/vec4 9, 0, 4;
    %assign/vec4 v0x138f6c4b0_0, 0;
    %end;
    .thread T_6;
    .scope S_0x138f19030;
T_7 ;
    %wait E_0x138f0f600;
    %load/vec4 v0x138f542f0_0;
    %parti/s 1, 0, 2;
    %load/vec4 v0x138f6c400_0;
    %concat/vec4; draw_concat_vec4
    %assign/vec4 v0x138f542f0_0, 0;
    %load/vec4 v0x138f542f0_0;
    %cmpi/e 1, 0, 2;
    %jmp/0xz  T_7.0, 4;
    %pushi/vec4 6, 0, 4;
    %assign/vec4 v0x138f6c560_0, 0;
    %pushi/vec4 0, 0, 4;
    %assign/vec4 v0x138f6c4b0_0, 0;
    %jmp T_7.1;
T_7.0 ;
    %load/vec4 v0x138f6c400_0;
    %flag_set/vec4 9;
    %flag_get/vec4 9;
    %jmp/0 T_7.4, 9;
    %load/vec4 v0x138f6c4b0_0;
    %pad/u 32;
    %cmpi/ne 0, 0, 32;
    %flag_get/vec4 4;
    %jmp/1 T_7.5, 4;
    %load/vec4 v0x138f6c560_0;
    %pad/u 32;
    %pushi/vec4 0, 0, 32;
    %cmp/ne;
    %flag_get/vec4 4;
    %or;
T_7.5;
    %and;
T_7.4;
    %flag_set/vec4 8;
    %jmp/0xz  T_7.2, 8;
    %load/vec4 v0x138f6c4b0_0;
    %pad/u 32;
    %cmpi/e 0, 0, 32;
    %jmp/0xz  T_7.6, 6;
    %load/vec4 v0x138f6c560_0;
    %subi 1, 0, 4;
    %assign/vec4 v0x138f6c560_0, 0;
    %pushi/vec4 9, 0, 4;
    %assign/vec4 v0x138f6c4b0_0, 0;
    %jmp T_7.7;
T_7.6 ;
    %load/vec4 v0x138f6c4b0_0;
    %subi 1, 0, 4;
    %assign/vec4 v0x138f6c4b0_0, 0;
T_7.7 ;
    %jmp T_7.3;
T_7.2 ;
    %load/vec4 v0x138f6c400_0;
    %inv;
    %flag_set/vec4 8;
    %jmp/0xz  T_7.8, 8;
    %pushi/vec4 7, 0, 4;
    %assign/vec4 v0x138f6c560_0, 0;
    %pushi/vec4 9, 0, 4;
    %assign/vec4 v0x138f6c4b0_0, 0;
T_7.8 ;
T_7.3 ;
T_7.1 ;
    %jmp T_7;
    .thread T_7;
    .scope S_0x138f210c0;
T_8 ;
    %pushi/vec4 0, 0, 1;
    %assign/vec4 v0x138f6d3e0_0, 0;
    %pushi/vec4 0, 0, 1;
    %assign/vec4 v0x138f6d280_0, 0;
    %pushi/vec4 0, 0, 1;
    %assign/vec4 v0x138f6d610_0, 0;
    %pushi/vec4 1, 0, 1;
    %assign/vec4 v0x138f6da80_0, 0;
    %pushi/vec4 1, 0, 1;
    %assign/vec4 v0x138f6d9f0_0, 0;
    %pushi/vec4 1, 0, 1;
    %assign/vec4 v0x138f6d6b0_0, 0;
    %end;
    .thread T_8;
    .scope S_0x138f210c0;
T_9 ;
    %wait E_0x138f0f600;
    %load/vec4 v0x138f6d500_0;
    %assign/vec4 v0x138f6d6b0_0, 0;
    %load/vec4 v0x138f6d350_0;
    %flag_set/vec4 9;
    %flag_get/vec4 9;
    %jmp/0 T_9.2, 9;
    %load/vec4 v0x138f6d470_0;
    %inv;
    %and;
T_9.2;
    %flag_set/vec4 8;
    %jmp/0xz  T_9.0, 8;
    %pushi/vec4 0, 0, 1;
    %assign/vec4 v0x138f6da80_0, 0;
    %pushi/vec4 0, 0, 1;
    %assign/vec4 v0x138f6d9f0_0, 0;
    %pushi/vec4 1, 0, 1;
    %assign/vec4 v0x138f6d3e0_0, 0;
    %jmp T_9.1;
T_9.0 ;
    %load/vec4 v0x138f6d350_0;
    %flag_set/vec4 10;
    %flag_get/vec4 10;
    %jmp/0 T_9.6, 10;
    %load/vec4 v0x138f6d470_0;
    %and;
T_9.6;
    %flag_set/vec4 9;
    %flag_get/vec4 9;
    %jmp/0 T_9.5, 9;
    %load/vec4 v0x138f6d3e0_0;
    %inv;
    %and;
T_9.5;
    %flag_set/vec4 8;
    %jmp/0xz  T_9.3, 8;
    %load/vec4 v0x138f6d280_0;
    %inv;
    %flag_set/vec4 8;
    %jmp/0xz  T_9.7, 8;
    %pushi/vec4 1, 0, 1;
    %assign/vec4 v0x138f6d280_0, 0;
    %pushi/vec4 0, 0, 1;
    %assign/vec4 v0x138f6da80_0, 0;
    %pushi/vec4 0, 0, 1;
    %assign/vec4 v0x138f6d9f0_0, 0;
    %vpi_call 3 84 "$display", "Count down activated" {0 0 0};
    %jmp T_9.8;
T_9.7 ;
    %load/vec4 v0x138f6d7f0_0;
    %pad/u 32;
    %cmpi/e 0, 0, 32;
    %flag_get/vec4 4;
    %jmp/0 T_9.11, 4;
    %load/vec4 v0x138f6d750_0;
    %pad/u 32;
    %pushi/vec4 0, 0, 32;
    %cmp/e;
    %flag_get/vec4 4;
    %and;
T_9.11;
    %flag_set/vec4 8;
    %jmp/0xz  T_9.9, 8;
    %pushi/vec4 1, 0, 1;
    %assign/vec4 v0x138f6da80_0, 0;
    %pushi/vec4 1, 0, 1;
    %assign/vec4 v0x138f6d9f0_0, 0;
    %pushi/vec4 1, 0, 1;
    %assign/vec4 v0x138f6d3e0_0, 0;
    %pushi/vec4 0, 0, 1;
    %assign/vec4 v0x138f6d280_0, 0;
T_9.9 ;
T_9.8 ;
    %jmp T_9.4;
T_9.3 ;
    %pushi/vec4 0, 0, 1;
    %assign/vec4 v0x138f6d3e0_0, 0;
T_9.4 ;
T_9.1 ;
    %load/vec4 v0x138f6d500_0;
    %inv;
    %flag_set/vec4 9;
    %flag_get/vec4 9;
    %jmp/0 T_9.14, 9;
    %load/vec4 v0x138f6d610_0;
    %inv;
    %and;
T_9.14;
    %flag_set/vec4 8;
    %jmp/0xz  T_9.12, 8;
    %load/vec4 v0x138f6d280_0;
    %inv;
    %flag_set/vec4 8;
    %jmp/0xz  T_9.15, 8;
    %pushi/vec4 0, 0, 1;
    %assign/vec4 v0x138f6da80_0, 0;
    %pushi/vec4 1, 0, 1;
    %assign/vec4 v0x138f6d9f0_0, 0;
    %pushi/vec4 1, 0, 1;
    %assign/vec4 v0x138f6d280_0, 0;
    %jmp T_9.16;
T_9.15 ;
    %load/vec4 v0x138f6d7f0_0;
    %pad/u 32;
    %cmpi/e 0, 0, 32;
    %flag_get/vec4 4;
    %jmp/0 T_9.19, 4;
    %load/vec4 v0x138f6d750_0;
    %pad/u 32;
    %pushi/vec4 0, 0, 32;
    %cmp/e;
    %flag_get/vec4 4;
    %and;
T_9.19;
    %flag_set/vec4 8;
    %jmp/0xz  T_9.17, 8;
    %pushi/vec4 1, 0, 1;
    %assign/vec4 v0x138f6d610_0, 0;
    %pushi/vec4 1, 0, 1;
    %assign/vec4 v0x138f6da80_0, 0;
    %pushi/vec4 1, 0, 1;
    %assign/vec4 v0x138f6d9f0_0, 0;
    %pushi/vec4 0, 0, 1;
    %assign/vec4 v0x138f6d280_0, 0;
T_9.17 ;
T_9.16 ;
    %jmp T_9.13;
T_9.12 ;
    %load/vec4 v0x138f6d6b0_0;
    %inv;
    %flag_set/vec4 9;
    %flag_get/vec4 9;
    %jmp/0 T_9.22, 9;
    %load/vec4 v0x138f6d500_0;
    %and;
T_9.22;
    %flag_set/vec4 8;
    %jmp/0xz  T_9.20, 8;
    %pushi/vec4 1, 0, 1;
    %assign/vec4 v0x138f6da80_0, 0;
    %pushi/vec4 1, 0, 1;
    %assign/vec4 v0x138f6d9f0_0, 0;
    %jmp T_9.21;
T_9.20 ;
    %pushi/vec4 0, 0, 1;
    %assign/vec4 v0x138f6d610_0, 0;
T_9.21 ;
T_9.13 ;
    %jmp T_9;
    .thread T_9;
# The file index is used to find the file name in the following table.
:file_names 8;
    "N/A";
    "<interactive>";
    "mainDriver.v";
    "displayHandle.v";
    "countDown.v";
    "display.v";
    "clock_divider.v";
    "unlocker.v";
